Start testing: Aug 21 10:14 Coordinated Universal Time
----------------------------------------------------------
1/15 Testing: VFXPhotoLabTests
1/15 Test: VFXPhotoLabTests
Command: "D:/a/VFXPhotoLab/VFXPhotoLab/build/windows-release/VFXPhotoLabTests.exe"
Directory: D:/a/VFXPhotoLab/VFXPhotoLab/build/windows-release
"VFXPhotoLabTests" start time: Aug 21 10:14 Coordinated Universal Time
Output:
----------------------------------------------------------
libpng error: Not a PNG file
<end of output>
Test time =  12.30 sec
----------------------------------------------------------
Test Failed.
"VFXPhotoLabTests" end time: Aug 21 10:14 Coordinated Universal Time
"VFXPhotoLabTests" time elapsed: 00:00:12
----------------------------------------------------------

2/15 Testing: VFXPhotoLabColourManagementTests
2/15 Test: VFXPhotoLabColourManagementTests
Command: "D:/a/VFXPhotoLab/VFXPhotoLab/build/windows-release/VFXPhotoLabColourManagementTests.exe"
Directory: D:/a/VFXPhotoLab/VFXPhotoLab/build/windows-release
"VFXPhotoLabColourManagementTests" start time: Aug 21 10:14 Coordinated Universal Time
Output:
----------------------------------------------------------
<end of output>
Test time =   0.62 sec
----------------------------------------------------------
Test Failed.
"VFXPhotoLabColourManagementTests" end time: Aug 21 10:14 Coordinated Universal Time
"VFXPhotoLabColourManagementTests" time elapsed: 00:00:00
----------------------------------------------------------

3/15 Testing: VFXPhotoLabLutConformanceTests
3/15 Test: VFXPhotoLabLutConformanceTests
Command: "D:/a/VFXPhotoLab/VFXPhotoLab/build/windows-release/VFXPhotoLabLutConformanceTests.exe"
Directory: D:/a/VFXPhotoLab/VFXPhotoLab/build/windows-release
"VFXPhotoLabLutConformanceTests" start time: Aug 21 10:14 Coordinated Universal Time
Output:
----------------------------------------------------------
<end of output>
Test time =   0.12 sec
----------------------------------------------------------
Test Failed.
"VFXPhotoLabLutConformanceTests" end time: Aug 21 10:14 Coordinated Universal Time
"VFXPhotoLabLutConformanceTests" time elapsed: 00:00:00
----------------------------------------------------------

4/15 Testing: VFXPhotoLabSpatialFilterTests
4/15 Test: VFXPhotoLabSpatialFilterTests
Command: "D:/a/VFXPhotoLab/VFXPhotoLab/build/windows-release/VFXPhotoLabSpatialFilterTests.exe"
Directory: D:/a/VFXPhotoLab/VFXPhotoLab/build/windows-release
"VFXPhotoLabSpatialFilterTests" start time: Aug 21 10:14 Coordinated Universal Time
Output:
----------------------------------------------------------
<end of output>
Test time =   0.77 sec
----------------------------------------------------------
Test Failed.
"VFXPhotoLabSpatialFilterTests" end time: Aug 21 10:14 Coordinated Universal Time
"VFXPhotoLabSpatialFilterTests" time elapsed: 00:00:00
----------------------------------------------------------

5/15 Testing: VFXPhotoLabColourAdjustmentEssentialsTests
5/15 Test: VFXPhotoLabColourAdjustmentEssentialsTests
Command: "D:/a/VFXPhotoLab/VFXPhotoLab/build/windows-release/VFXPhotoLabColourAdjustmentEssentialsTests.exe"
Directory: D:/a/VFXPhotoLab/VFXPhotoLab/build/windows-release
"VFXPhotoLabColourAdjustmentEssentialsTests" start time: Aug 21 10:14 Coordinated Universal Time
Output:
----------------------------------------------------------
<end of output>
Test time =   0.26 sec
----------------------------------------------------------
Test Failed.
"VFXPhotoLabColourAdjustmentEssentialsTests" end time: Aug 21 10:14 Coordinated Universal Time
"VFXPhotoLabColourAdjustmentEssentialsTests" time elapsed: 00:00:00
----------------------------------------------------------

6/15 Testing: VFXPhotoLabAdvancedColourControlsTests
6/15 Test: VFXPhotoLabAdvancedColourControlsTests
Command: "D:/a/VFXPhotoLab/VFXPhotoLab/build/windows-release/VFXPhotoLabAdvancedColourControlsTests.exe"
Directory: D:/a/VFXPhotoLab/VFXPhotoLab/build/windows-release
"VFXPhotoLabAdvancedColourControlsTests" start time: Aug 21 10:14 Coordinated Universal Time
Output:
----------------------------------------------------------
<end of output>
Test time =   0.04 sec
----------------------------------------------------------
Test Failed.
"VFXPhotoLabAdvancedColourControlsTests" end time: Aug 21 10:14 Coordinated Universal Time
"VFXPhotoLabAdvancedColourControlsTests" time elapsed: 00:00:00
----------------------------------------------------------

7/15 Testing: VFXPhotoLabOpticalSpatialColourEffectsTests
7/15 Test: VFXPhotoLabOpticalSpatialColourEffectsTests
Command: "D:/a/VFXPhotoLab/VFXPhotoLab/build/windows-release/VFXPhotoLabOpticalSpatialColourEffectsTests.exe"
Directory: D:/a/VFXPhotoLab/VFXPhotoLab/build/windows-release
"VFXPhotoLabOpticalSpatialColourEffectsTests" start time: Aug 21 10:14 Coordinated Universal Time
Output:
----------------------------------------------------------
<end of output>
Test time =   0.07 sec
----------------------------------------------------------
Test Failed.
"VFXPhotoLabOpticalSpatialColourEffectsTests" end time: Aug 21 10:14 Coordinated Universal Time
"VFXPhotoLabOpticalSpatialColourEffectsTests" time elapsed: 00:00:00
----------------------------------------------------------

8/15 Testing: VFXPhotoLabAdditionalSpatialFiltersTests
8/15 Test: VFXPhotoLabAdditionalSpatialFiltersTests
Command: "D:/a/VFXPhotoLab/VFXPhotoLab/build/windows-release/VFXPhotoLabAdditionalSpatialFiltersTests.exe"
Directory: D:/a/VFXPhotoLab/VFXPhotoLab/build/windows-release
"VFXPhotoLabAdditionalSpatialFiltersTests" start time: Aug 21 10:14 Coordinated Universal Time
Output:
----------------------------------------------------------
<end of output>
Test time =   0.23 sec
----------------------------------------------------------
Test Passed.
"VFXPhotoLabAdditionalSpatialFiltersTests" end time: Aug 21 10:14 Coordinated Universal Time
"VFXPhotoLabAdditionalSpatialFiltersTests" time elapsed: 00:00:00
----------------------------------------------------------

9/15 Testing: VFXPhotoLabPresetTests
9/15 Test: VFXPhotoLabPresetTests
Command: "D:/a/VFXPhotoLab/VFXPhotoLab/build/windows-release/VFXPhotoLabPresetTests.exe"
Directory: D:/a/VFXPhotoLab/VFXPhotoLab/build/windows-release
"VFXPhotoLabPresetTests" start time: Aug 21 10:14 Coordinated Universal Time
Output:
----------------------------------------------------------
<end of output>
Test time =   0.15 sec
----------------------------------------------------------
Test Failed.
"VFXPhotoLabPresetTests" end time: Aug 21 10:14 Coordinated Universal Time
"VFXPhotoLabPresetTests" time elapsed: 00:00:00
----------------------------------------------------------

10/15 Testing: VFXPhotoLabExportProfileTests
10/15 Test: VFXPhotoLabExportProfileTests
Command: "D:/a/VFXPhotoLab/VFXPhotoLab/build/windows-release/VFXPhotoLabExportProfileTests.exe"
Directory: D:/a/VFXPhotoLab/VFXPhotoLab/build/windows-release
"VFXPhotoLabExportProfileTests" start time: Aug 21 10:14 Coordinated Universal Time
Output:
----------------------------------------------------------
<end of output>
Test time =   0.10 sec
----------------------------------------------------------
Test Failed.
"VFXPhotoLabExportProfileTests" end time: Aug 21 10:14 Coordinated Universal Time
"VFXPhotoLabExportProfileTests" time elapsed: 00:00:00
----------------------------------------------------------

11/15 Testing: VFXPhotoLabProductionExportTests
11/15 Test: VFXPhotoLabProductionExportTests
Command: "D:/a/VFXPhotoLab/VFXPhotoLab/build/windows-release/VFXPhotoLabProductionExportTests.exe"
Directory: D:/a/VFXPhotoLab/VFXPhotoLab/build/windows-release
"VFXPhotoLabProductionExportTests" start time: Aug 21 10:14 Coordinated Universal Time
Output:
----------------------------------------------------------
<end of output>
Test time =   0.05 sec
----------------------------------------------------------
Test Passed.
"VFXPhotoLabProductionExportTests" end time: Aug 21 10:14 Coordinated Universal Time
"VFXPhotoLabProductionExportTests" time elapsed: 00:00:00
----------------------------------------------------------

12/15 Testing: VFXPhotoLabExportQueueTests
12/15 Test: VFXPhotoLabExportQueueTests
Command: "D:/a/VFXPhotoLab/VFXPhotoLab/build/windows-release/VFXPhotoLabExportQueueTests.exe"
Directory: D:/a/VFXPhotoLab/VFXPhotoLab/build/windows-release
"VFXPhotoLabExportQueueTests" start time: Aug 21 10:14 Coordinated Universal Time
Output:
----------------------------------------------------------
<end of output>
Test time =   1.53 sec
----------------------------------------------------------
Test Failed.
"VFXPhotoLabExportQueueTests" end time: Aug 21 10:14 Coordinated Universal Time
"VFXPhotoLabExportQueueTests" time elapsed: 00:00:01
----------------------------------------------------------

13/15 Testing: VFXPhotoLabSvgTests
13/15 Test: VFXPhotoLabSvgTests
Command: "D:/a/VFXPhotoLab/VFXPhotoLab/build/windows-release/VFXPhotoLabSvgTests.exe"
Directory: D:/a/VFXPhotoLab/VFXPhotoLab/build/windows-release
"VFXPhotoLabSvgTests" start time: Aug 21 10:14 Coordinated Universal Time
Output:
----------------------------------------------------------
<end of output>
Test time =   0.22 sec
----------------------------------------------------------
Test Failed.
"VFXPhotoLabSvgTests" end time: Aug 21 10:14 Coordinated Universal Time
"VFXPhotoLabSvgTests" time elapsed: 00:00:00
----------------------------------------------------------

14/15 Testing: VFXPhotoLabTextTests
14/15 Test: VFXPhotoLabTextTests
Command: "D:/a/VFXPhotoLab/VFXPhotoLab/build/windows-release/VFXPhotoLabTextTests.exe"
Directory: D:/a/VFXPhotoLab/VFXPhotoLab/build/windows-release
"VFXPhotoLabTextTests" start time: Aug 21 10:14 Coordinated Universal Time
Output:
----------------------------------------------------------
<end of output>
Test time =   0.03 sec
----------------------------------------------------------
Test Passed.
"VFXPhotoLabTextTests" end time: Aug 21 10:14 Coordinated Universal Time
"VFXPhotoLabTextTests" time elapsed: 00:00:00
----------------------------------------------------------

15/15 Testing: VFXPhotoLabCanvasTests
15/15 Test: VFXPhotoLabCanvasTests
Command: "D:/a/VFXPhotoLab/VFXPhotoLab/build/windows-release/VFXPhotoLabCanvasTests.exe"
Directory: D:/a/VFXPhotoLab/VFXPhotoLab/build/windows-release
"VFXPhotoLabCanvasTests" start time: Aug 21 10:14 Coordinated Universal Time
Output:
----------------------------------------------------------
<end of output>
Test time =   0.57 sec
----------------------------------------------------------
Test Failed.
"VFXPhotoLabCanvasTests" end time: Aug 21 10:14 Coordinated Universal Time
"VFXPhotoLabCanvasTests" time elapsed: 00:00:00
----------------------------------------------------------

End testing: Aug 21 10:14 Coordinated Universal Time
